<?xml version="1.0" encoding="UTF-8"?>
<!-- Generated by org.testng.reporters.JUnitReportReporter -->
<testsuite hostname="AYODHYA" failures="0" tests="1" name="com.Amazon.TC_SearchforProduct_002" time="57.729" errors="0" timestamp="2023-10-19T10:55:16 IST" skipped="0">
  <testcase classname="com.Amazon.TC_SearchforProduct_002" name="SearchforProduct" time="57.729"/>
</testsuite> <!-- com.Amazon.TC_SearchforProduct_002 -->
