<?xml version="1.0" encoding="UTF-8"?>
<!-- Generated by org.testng.reporters.JUnitReportReporter -->
<testsuite hostname="AYODHYA" failures="0" tests="1" name="com.Amazon.TC_Buynow_003" time="138.137" errors="0" timestamp="2023-10-19T11:14:37 IST" skipped="0">
  <testcase classname="com.Amazon.TC_Buynow_003" name="buynow" time="138.137"/>
</testsuite> <!-- com.Amazon.TC_Buynow_003 -->
