<?xml version="1.0" encoding="UTF-8"?>
<!-- Generated by org.testng.reporters.JUnitReportReporter -->
<testsuite hostname="AYODHYA" failures="0" tests="1" name="com.Amazon.TC_AddtoCart_004" time="131.511" errors="0" timestamp="2023-10-19T11:10:53 IST" skipped="0">
  <testcase classname="com.Amazon.TC_AddtoCart_004" name="buynow" time="131.511"/>
</testsuite> <!-- com.Amazon.TC_AddtoCart_004 -->
