<?xml version="1.0" encoding="UTF-8"?>
<!-- Generated by org.testng.reporters.JUnitReportReporter -->
<testsuite hostname="AYODHYA" failures="0" tests="1" name="com.Amazon.TC_LoginTest_001" time="34.167" errors="0" timestamp="2023-10-19T10:53:23 IST" skipped="0">
  <testcase classname="com.Amazon.TC_LoginTest_001" name="loginTest" time="34.167"/>
</testsuite> <!-- com.Amazon.TC_LoginTest_001 -->
